{
  "RSpec": {
    "coverage": {
      "/Users/sarahplane/src/sfeet/app/models/user.rb": [
        1,
        null,
        null,
        1,
        null,
        null
      ],
      "/Users/sarahplane/src/sfeet/app/helpers/application_helper.rb": [
        1,
        null
      ],
      "/Users/sarahplane/src/sfeet/app/controllers/pages_controller.rb": [
        1,
        1,
        null,
        1,
        null,
        null,
        1,
        null,
        null,
        1,
        null,
        null,
        1,
        null,
        null,
        1,
        null,
        null,
        1,
        null,
        null
      ],
      "/Users/sarahplane/src/sfeet/app/controllers/application_controller.rb": [
        1,
        1,
        null,
        null,
        1,
        null,
        null,
        1,
        null,
        1,
        5,
        null,
        2,
        null,
        null,
        null,
        null,
        null,
        2,
        null,
        null,
        null,
        null
      ],
      "/Users/sarahplane/src/sfeet/app/controllers/products_controller.rb": [
        1,
        1,
        1,
        null,
        1,
        1,
        1,
        1,
        null,
        null,
        1,
        0,
        null,
        null,
        1,
        0,
        null,
        null,
        1,
        1,
        null,
        1,
        1,
        1,
        null,
        0,
        0,
        null,
        null,
        null,
        1,
        null,
        null,
        1,
        1,
        1,
        1,
        null,
        0,
        0,
        null,
        null,
        null,
        1,
        1,
        1,
        null,
        0,
        null,
        1,
        null,
        null,
        1,
        1,
        2,
        null,
        null,
        1,
        2,
        null,
        null,
        1,
        0,
        null,
        0,
        null,
        0,
        null,
        0,
        null,
        0,
        null,
        0,
        null,
        0,
        null,
        0,
        null,
        0,
        null,
        null,
        null,
        null
      ],
      "/Users/sarahplane/src/sfeet/app/models/product.rb": [
        1,
        1,
        1,
        null,
        1,
        null,
        1,
        4,
        null,
        null,
        1,
        8,
        null,
        2,
        6,
        null,
        null,
        2,
        null,
        null,
        null
      ],
      "/Users/sarahplane/src/sfeet/app/models/tag.rb": [
        1,
        1,
        1,
        null
      ],
      "/Users/sarahplane/src/sfeet/app/models/tagging.rb": [
        1,
        1,
        1,
        null
      ],
      "/Users/sarahplane/src/sfeet/app/controllers/tags_controller.rb": [
        0,
        0,
        0,
        0,
        0,
        0,
        0,
        0,
        0,
        0,
        0,
        0,
        0,
        0,
        0,
        0,
        0,
        0,
        0,
        0,
        0,
        0
      ]
    },
    "timestamp": 1475037703
  }
}
