{
  "RSpec": {
    "coverage": {
      "/Users/sarahplane/src/sfeet/app/helpers/application_helper.rb": [
        1,
        null
      ],
      "/Users/sarahplane/src/sfeet/app/controllers/pages_controller.rb": [
        1,
        1,
        null,
        null
      ],
      "/Users/sarahplane/src/sfeet/app/controllers/application_controller.rb": [
        1,
        null,
        null,
        1,
        null
      ],
      "/Users/sarahplane/src/sfeet/app/controllers/products_controller.rb": [
        1,
        1,
        null,
        1,
        1,
        null,
        null,
        1,
        null,
        null,
        1,
        1,
        null,
        null,
        1,
        1,
        null,
        1,
        1,
        1,
        null,
        0,
        0,
        null,
        null,
        null,
        1,
        null,
        null,
        1,
        null,
        null,
        1,
        null,
        null,
        1,
        1,
        1,
        null,
        null,
        1,
        0,
        null,
        null
      ],
      "/Users/sarahplane/src/sfeet/app/models/product.rb": [
        1,
        null
      ]
    },
    "timestamp": 1473294957
  }
}
